<?xml version="1.0" encoding="UTF-8"?>
<testsuite xmlns:xsi="http://www.w3.org/2001/XMLSchema-instance" xsi:noNamespaceSchemaLocation="https://maven.apache.org/surefire/maven-surefire-plugin/xsd/surefire-test-report-3.0.xsd" version="3.0" name="uk.ac.ucl.jsh.AppTests.GrepTest" time="0.199" tests="37" errors="0" skipped="0" failures="0">
  <properties>
    <property name="awt.toolkit" value="sun.awt.X11.XToolkit"/>
    <property name="java.specification.version" value="11"/>
    <property name="sun.cpu.isalist" value=""/>
    <property name="sun.jnu.encoding" value="UTF-8"/>
    <property name="java.class.path" value="/workspaces/CW_JSH/target/test-classes:/workspaces/CW_JSH/target/classes:/root/.m2/repository/junit/junit/4.12/junit-4.12.jar:/root/.m2/repository/org/hamcrest/hamcrest-core/1.3/hamcrest-core-1.3.jar:/root/.m2/repository/org/antlr/antlr4-runtime/4.7/antlr4-runtime-4.7.jar:"/>
    <property name="java.vm.vendor" value="Oracle Corporation"/>
    <property name="sun.arch.data.model" value="64"/>
    <property name="java.vendor.url" value="https://openjdk.java.net/"/>
    <property name="user.timezone" value=""/>
    <property name="java.vm.specification.version" value="11"/>
    <property name="os.name" value="Linux"/>
    <property name="sun.java.launcher" value="SUN_STANDARD"/>
    <property name="sun.boot.library.path" value="/usr/local/openjdk-11/lib"/>
    <property name="sun.java.command" value="/workspaces/CW_JSH/target/surefire/surefirebooter5541773073123599444.jar /workspaces/CW_JSH/target/surefire 2021-01-05T18-42-08_056-jvmRun1 surefire13191806181247502690tmp surefire_0757035615093501794tmp"/>
    <property name="jdk.debug" value="release"/>
    <property name="surefire.test.class.path" value="/workspaces/CW_JSH/target/test-classes:/workspaces/CW_JSH/target/classes:/root/.m2/repository/junit/junit/4.12/junit-4.12.jar:/root/.m2/repository/org/hamcrest/hamcrest-core/1.3/hamcrest-core-1.3.jar:/root/.m2/repository/org/antlr/antlr4-runtime/4.7/antlr4-runtime-4.7.jar:"/>
    <property name="sun.cpu.endian" value="little"/>
    <property name="user.home" value="/root"/>
    <property name="user.language" value="en"/>
    <property name="java.specification.vendor" value="Oracle Corporation"/>
    <property name="java.version.date" value="2020-07-14"/>
    <property name="java.home" value="/usr/local/openjdk-11"/>
    <property name="file.separator" value="/"/>
    <property name="basedir" value="/workspaces/CW_JSH"/>
    <property name="java.vm.compressedOopsMode" value="32-bit"/>
    <property name="line.separator" value="&#10;"/>
    <property name="java.specification.name" value="Java Platform API Specification"/>
    <property name="java.vm.specification.vendor" value="Oracle Corporation"/>
    <property name="java.awt.graphicsenv" value="sun.awt.X11GraphicsEnvironment"/>
    <property name="surefire.real.class.path" value="/workspaces/CW_JSH/target/surefire/surefirebooter5541773073123599444.jar"/>
    <property name="sun.management.compiler" value="HotSpot 64-Bit Tiered Compilers"/>
    <property name="java.runtime.version" value="11.0.8+10"/>
    <property name="user.name" value="root"/>
    <property name="path.separator" value=":"/>
    <property name="os.version" value="4.19.76-linuxkit"/>
    <property name="java.runtime.name" value="OpenJDK Runtime Environment"/>
    <property name="file.encoding" value="UTF-8"/>
    <property name="java.vm.name" value="OpenJDK 64-Bit Server VM"/>
    <property name="java.vendor.version" value="18.9"/>
    <property name="localRepository" value="/root/.m2/repository"/>
    <property name="java.vendor.url.bug" value="https://bugreport.java.com/bugreport/"/>
    <property name="java.io.tmpdir" value="/tmp"/>
    <property name="java.version" value="11.0.8"/>
    <property name="user.dir" value="/workspaces/CW_JSH"/>
    <property name="os.arch" value="amd64"/>
    <property name="java.vm.specification.name" value="Java Virtual Machine Specification"/>
    <property name="java.awt.printerjob" value="sun.print.PSPrinterJob"/>
    <property name="sun.os.patch.level" value="unknown"/>
    <property name="java.library.path" value="/usr/java/packages/lib:/usr/lib64:/lib64:/lib:/usr/lib"/>
    <property name="java.vm.info" value="mixed mode"/>
    <property name="java.vendor" value="N/A"/>
    <property name="java.vm.version" value="11.0.8+10"/>
    <property name="sun.io.unicode.encoding" value="UnicodeLittle"/>
    <property name="java.class.version" value="55.0"/>
  </properties>
  <testcase name="test_grep_file_arg" classname="uk.ac.ucl.jsh.AppTests.GrepTest" time="0.005"/>
  <testcase name="test_grep_anything" classname="uk.ac.ucl.jsh.AppTests.GrepTest" time="0.015"/>
  <testcase name="test_cat_grep" classname="uk.ac.ucl.jsh.AppTests.GrepTest" time="0.007"/>
  <testcase name="test_grep_simple_1" classname="uk.ac.ucl.jsh.AppTests.GrepTest" time="0.006"/>
  <testcase name="test_grep_simple_2" classname="uk.ac.ucl.jsh.AppTests.GrepTest" time="0.003"/>
  <testcase name="test_grep_dir_but_not_file" classname="uk.ac.ucl.jsh.AppTests.GrepTest" time="0.001"/>
  <testcase name="test_grep_wrong_nr_args" classname="uk.ac.ucl.jsh.AppTests.GrepTest" time="0"/>
  <testcase name="test_grep_dot_no_match" classname="uk.ac.ucl.jsh.AppTests.GrepTest" time="0.005"/>
  <testcase name="test_grep_mult_files" classname="uk.ac.ucl.jsh.AppTests.GrepTest" time="0.01"/>
  <testcase name="test_grep_nothing" classname="uk.ac.ucl.jsh.AppTests.GrepTest" time="0.014"/>
  <testcase name="testUnsafeUnsafe" classname="uk.ac.ucl.jsh.AppTests.GrepTest" time="0.001"/>
  <testcase name="testUnsafeEcho" classname="uk.ac.ucl.jsh.AppTests.GrepTest" time="0.001"/>
  <testcase name="testUnsafeFind" classname="uk.ac.ucl.jsh.AppTests.GrepTest" time="0"/>
  <testcase name="testUnsafeGrep" classname="uk.ac.ucl.jsh.AppTests.GrepTest" time="0.001"/>
  <testcase name="testUnsafeHead" classname="uk.ac.ucl.jsh.AppTests.GrepTest" time="0"/>
  <testcase name="testUnsafeSort" classname="uk.ac.ucl.jsh.AppTests.GrepTest" time="0"/>
  <testcase name="testUnsafeTail" classname="uk.ac.ucl.jsh.AppTests.GrepTest" time="0"/>
  <testcase name="testUnsafeUniq" classname="uk.ac.ucl.jsh.AppTests.GrepTest" time="0"/>
  <testcase name="testFactory" classname="uk.ac.ucl.jsh.AppTests.GrepTest" time="0"/>
  <testcase name="testCat" classname="uk.ac.ucl.jsh.AppTests.GrepTest" time="0"/>
  <testcase name="testCut" classname="uk.ac.ucl.jsh.AppTests.GrepTest" time="0"/>
  <testcase name="testPwd" classname="uk.ac.ucl.jsh.AppTests.GrepTest" time="0"/>
  <testcase name="testEcho" classname="uk.ac.ucl.jsh.AppTests.GrepTest" time="0"/>
  <testcase name="testFind" classname="uk.ac.ucl.jsh.AppTests.GrepTest" time="0"/>
  <testcase name="testGrep" classname="uk.ac.ucl.jsh.AppTests.GrepTest" time="0"/>
  <testcase name="testHead" classname="uk.ac.ucl.jsh.AppTests.GrepTest" time="0.001"/>
  <testcase name="testSort" classname="uk.ac.ucl.jsh.AppTests.GrepTest" time="0"/>
  <testcase name="testTail" classname="uk.ac.ucl.jsh.AppTests.GrepTest" time="0.001"/>
  <testcase name="testUniq" classname="uk.ac.ucl.jsh.AppTests.GrepTest" time="0"/>
  <testcase name="testCd" classname="uk.ac.ucl.jsh.AppTests.GrepTest" time="0"/>
  <testcase name="testLs" classname="uk.ac.ucl.jsh.AppTests.GrepTest" time="0"/>
  <testcase name="testUnsafeCat" classname="uk.ac.ucl.jsh.AppTests.GrepTest" time="0"/>
  <testcase name="testUnsafeCut" classname="uk.ac.ucl.jsh.AppTests.GrepTest" time="0"/>
  <testcase name="testUnsafePwd" classname="uk.ac.ucl.jsh.AppTests.GrepTest" time="0"/>
  <testcase name="testGlobbing" classname="uk.ac.ucl.jsh.AppTests.GrepTest" time="0"/>
  <testcase name="testUnsafeCd" classname="uk.ac.ucl.jsh.AppTests.GrepTest" time="0.001"/>
  <testcase name="testUnsafeLs" classname="uk.ac.ucl.jsh.AppTests.GrepTest" time="0"/>
</testsuite>